生成启动时间为 2015/9/16 16:27:05。
     1>项目“E:\work\adtool\Jsoncpp\Jsoncpp.vcxproj”在节点 2 上(build 个目标)。
     1>InitializeBuildStatus:
         正在创建“.\Debug\Jsoncpp.unsuccessfulbuild”，因为已指定“AlwaysCreate”。
       ClCompile:
         E:\Program Files\Microsoft Visual Studio 10.0\VC\bin\CL.exe /c /ZI /nologo /W3 /WX- /Od /Oy- /D WIN32 /D _DEBUG /D _LIB /D _VC80_UPGRADE=0x0600 /D _MBCS /D _AFXDLL /Gm /EHsc /RTC1 /MDd /GS /Gy- /fp:precise /Zc:wchar_t /Zc:forScope /Fo".\Debug\\" /Fd".\Debug\vc100.pdb" /Gd /TP /analyze- /errorReport:prompt json_reader.cpp json_value.cpp json_writer.cpp
         json_writer.cpp
         json_value.cpp
         json_reader.cpp
         正在生成代码...
     1>C:\Program Files\MSBuild\Microsoft.Cpp\v4.0\Microsoft.CppBuild.targets(1151,5): warning MSB8012: TargetPath(E:\work\adtool\Jsoncpp\.\Debug\Jsoncpp.lib) 与 Library 的 OutputFile 属性值(E:\work\adtool\lib\Jsoncpp.lib)不匹配。这可能导致项目生成不正确。若要更正此问题，请确保 $(OutDir)、$(TargetName) 和 $(TargetExt) 属性值与 %(Lib.OutputFile) 中指定的值匹配。
       Lib:
         E:\Program Files\Microsoft Visual Studio 10.0\VC\bin\Lib.exe /OUT:"../lib/Jsoncpp.lib" /NOLOGO .\Debug\json_reader.obj
         .\Debug\json_value.obj
         .\Debug\json_writer.obj
         Jsoncpp.vcxproj -> E:\work\adtool\Jsoncpp\.\Debug\Jsoncpp.lib
       FinalizeBuildStatus:
         正在删除文件“.\Debug\Jsoncpp.unsuccessfulbuild”。
         正在对“.\Debug\Jsoncpp.lastbuildstate”执行 Touch 任务。
     1>已完成生成项目“E:\work\adtool\Jsoncpp\Jsoncpp.vcxproj”(build 个目标)的操作。

生成成功。

已用时间 00:00:02.17
